<?xml version="1.0" encoding="UTF-8"?>
<!-- Generated by org.testng.reporters.JUnitReportReporter -->
<testsuite hostname="LAPTOP-1L18HO1S" failures="0" tests="1" name="Test_Cases_Package.Test_Case_03" time="1.170" errors="0" timestamp="2024-03-26T23:21:38 IST" skipped="0">
  <testcase classname="Test_Cases_Package.Test_Case_03" name="Test_Case_Login_Page" time="1.170"/>
</testsuite> <!-- Test_Cases_Package.Test_Case_03 -->
